Release 14.7 - xst P.20131013 (nt64)
Copyright (c) 1995-2013 Xilinx, Inc.  All rights reserved.
--> Parameter TMPDIR set to xst/projnav.tmp


Total REAL time to Xst completion: 0.00 secs
Total CPU time to Xst completion: 0.09 secs
 
--> Parameter xsthdpdir set to xst


Total REAL time to Xst completion: 0.00 secs
Total CPU time to Xst completion: 0.09 secs
 
--> Reading design: memory.prj

TABLE OF CONTENTS
  1) Synthesis Options Summary
  2) HDL Compilation
  3) Design Hierarchy Analysis
  4) HDL Analysis
  5) HDL Synthesis
     5.1) HDL Synthesis Report
  6) Advanced HDL Synthesis
     6.1) Advanced HDL Synthesis Report
  7) Low Level Synthesis
  8) Partition Report
  9) Final Report
	9.1) Device utilization summary
	9.2) Partition Resource Summary
	9.3) TIMING REPORT


=========================================================================
*                      Synthesis Options Summary                        *
=========================================================================
---- Source Parameters
Input File Name                    : "memory.prj"
Input Format                       : mixed
Ignore Synthesis Constraint File   : NO

---- Target Parameters
Output File Name                   : "memory"
Output Format                      : NGC
Target Device                      : xc3s100e-5-vq100

---- Source Options
Top Module Name                    : memory
Automatic FSM Extraction           : YES
FSM Encoding Algorithm             : Auto
Safe Implementation                : No
FSM Style                          : LUT
RAM Extraction                     : Yes
RAM Style                          : Auto
ROM Extraction                     : Yes
Mux Style                          : Auto
Decoder Extraction                 : YES
Priority Encoder Extraction        : Yes
Shift Register Extraction          : YES
Logical Shifter Extraction         : YES
XOR Collapsing                     : YES
ROM Style                          : Auto
Mux Extraction                     : Yes
Resource Sharing                   : YES
Asynchronous To Synchronous        : NO
Multiplier Style                   : Auto
Automatic Register Balancing       : No

---- Target Options
Add IO Buffers                     : YES
Global Maximum Fanout              : 100000
Add Generic Clock Buffer(BUFG)     : 24
Register Duplication               : YES
Slice Packing                      : YES
Optimize Instantiated Primitives   : NO
Use Clock Enable                   : Yes
Use Synchronous Set                : Yes
Use Synchronous Reset              : Yes
Pack IO Registers into IOBs        : Auto
Equivalent register Removal        : YES

---- General Options
Optimization Goal                  : Speed
Optimization Effort                : 1
Keep Hierarchy                     : No
Netlist Hierarchy                  : As_Optimized
RTL Output                         : Yes
Global Optimization                : AllClockNets
Read Cores                         : YES
Write Timing Constraints           : NO
Cross Clock Analysis               : NO
Hierarchy Separator                : /
Bus Delimiter                      : <>
Case Specifier                     : Maintain
Slice Utilization Ratio            : 100
BRAM Utilization Ratio             : 100
Verilog 2001                       : YES
Auto BRAM Packing                  : NO
Slice Utilization Ratio Delta      : 5

=========================================================================


=========================================================================
*                          HDL Compilation                              *
=========================================================================
Compiling vhdl file "C:/Users/PC/Documents/Obsidian Vault/University Courses/Year 3/Semester 1/EEE40002/Labs/Lab 3/VHDL/Lab3/Part_1.vhd" in Library work.
Architecture rtl of Entity memory is up to date.

=========================================================================
*                     Design Hierarchy Analysis                         *
=========================================================================
Analyzing hierarchy for entity <memory> in library <work> (architecture <rtl>).


=========================================================================
*                            HDL Analysis                               *
=========================================================================
Analyzing Entity <memory> in library <work> (Architecture <rtl>).
Entity <memory> analyzed. Unit <memory> generated.


=========================================================================
*                           HDL Synthesis                               *
=========================================================================

Performing bidirectional port resolution...

Synthesizing Unit <memory>.
    Related source file is "C:/Users/PC/Documents/Obsidian Vault/University Courses/Year 3/Semester 1/EEE40002/Labs/Lab 3/VHDL/Lab3/Part_1.vhd".
    Found 7-bit register for signal <seg>.
    Found 4-bit 8-to-1 multiplexer for signal <$varindex0000> created at line 30.
    Found 32-bit register for signal <mem>.
    Found 4-bit register for signal <mux_out>.
    Summary:
	inferred  43 D-type flip-flop(s).
	inferred   4 Multiplexer(s).
Unit <memory> synthesized.


=========================================================================
HDL Synthesis Report

Macro Statistics
# Registers                                            : 10
 4-bit register                                        : 9
 7-bit register                                        : 1
# Multiplexers                                         : 1
 4-bit 8-to-1 multiplexer                              : 1

=========================================================================

=========================================================================
*                       Advanced HDL Synthesis                          *
=========================================================================


=========================================================================
Advanced HDL Synthesis Report

Macro Statistics
# Registers                                            : 43
 Flip-Flops                                            : 43
# Multiplexers                                         : 1
 4-bit 8-to-1 multiplexer                              : 1

=========================================================================

=========================================================================
*                         Low Level Synthesis                           *
=========================================================================

Optimizing unit <memory> ...

Mapping all equations...
Building and optimizing final netlist ...
Found area constraint ratio of 100 (+ 5) on block memory, actual ratio is 3.

Final Macro Processing ...

=========================================================================
Final Register Report

Macro Statistics
# Registers                                            : 43
 Flip-Flops                                            : 43

=========================================================================

=========================================================================
*                           Partition Report                            *
=========================================================================

Partition Implementation Status
-------------------------------

  No Partitions were found in this design.

-------------------------------

=========================================================================
*                            Final Report                               *
=========================================================================
Final Results
RTL Top Level Output File Name     : memory.ngr
Top Level Output File Name         : memory
Output Format                      : NGC
Optimization Goal                  : Speed
Keep Hierarchy                     : No

Design Statistics
# IOs                              : 17

Cell Usage :
# BELS                             : 59
#      INV                         : 1
#      LUT2                        : 1
#      LUT3                        : 16
#      LUT4                        : 22
#      MUXF5                       : 15
#      MUXF6                       : 4
# FlipFlops/Latches                : 43
#      FDCE                        : 32
#      FDE                         : 11
# Clock Buffers                    : 1
#      BUFGP                       : 1
# IO Buffers                       : 16
#      IBUF                        : 9
#      OBUF                        : 7
=========================================================================

Device utilization summary:
---------------------------

Selected Device : 3s100evq100-5 

 Number of Slices:                       34  out of    960     3%  
 Number of Slice Flip Flops:             43  out of   1920     2%  
 Number of 4 input LUTs:                 40  out of   1920     2%  
 Number of IOs:                          17
 Number of bonded IOBs:                  17  out of     66    25%  
 Number of GCLKs:                         1  out of     24     4%  

---------------------------
Partition Resource Summary:
---------------------------

  No Partitions were found in this design.

---------------------------


=========================================================================
TIMING REPORT

NOTE: THESE TIMING NUMBERS ARE ONLY A SYNTHESIS ESTIMATE.
      FOR ACCURATE TIMING INFORMATION PLEASE REFER TO THE TRACE REPORT
      GENERATED AFTER PLACE-and-ROUTE.

Clock Information:
------------------
-----------------------------------+------------------------+-------+
Clock Signal                       | Clock buffer(FF name)  | Load  |
-----------------------------------+------------------------+-------+
clk                                | BUFGP                  | 43    |
-----------------------------------+------------------------+-------+

Asynchronous Control Signals Information:
----------------------------------------
-----------------------------------+------------------------+-------+
Control Signal                     | Buffer(FF name)        | Load  |
-----------------------------------+------------------------+-------+
rst                                | IBUF                   | 32    |
-----------------------------------+------------------------+-------+

Timing Summary:
---------------
Speed Grade: -5

   Minimum period: 2.674ns (Maximum Frequency: 373.972MHz)
   Minimum input arrival time before clock: 3.931ns
   Maximum output required time after clock: 4.040ns
   Maximum combinational path delay: No path found

Timing Detail:
--------------
All values displayed in nanoseconds (ns)

=========================================================================
Timing constraint: Default period analysis for Clock 'clk'
  Clock period: 2.674ns (frequency: 373.972MHz)
  Total number of paths / destination ports: 81 / 11
-------------------------------------------------------------------------
Delay:               2.674ns (Levels of Logic = 2)
  Source:            mux_out_3 (FF)
  Destination:       seg_0 (FF)
  Source Clock:      clk rising
  Destination Clock: clk rising

  Data Path: mux_out_3 to seg_0
                                Gate     Net
    Cell:in->out      fanout   Delay   Delay  Logical Name (Net Name)
    ----------------------------------------  ------------
     FDE:C->Q             14   0.514   1.002  mux_out_3 (mux_out_3)
     LUT4:I0->O            1   0.612   0.000  seg_mux0002<5>_F (N38)
     MUXF5:I0->O           1   0.278   0.000  seg_mux0002<5> (seg_mux0002<5>)
     FDE:D                     0.268          seg_1
    ----------------------------------------
    Total                      2.674ns (1.672ns logic, 1.002ns route)
                                       (62.5% logic, 37.5% route)

=========================================================================
Timing constraint: Default OFFSET IN BEFORE for Clock 'clk'
  Total number of paths / destination ports: 217 / 86
-------------------------------------------------------------------------
Offset:              3.931ns (Levels of Logic = 4)
  Source:            address<0> (PAD)
  Destination:       mux_out_0 (FF)
  Destination Clock: clk rising

  Data Path: address<0> to mux_out_0
                                Gate     Net
    Cell:in->out      fanout   Delay   Delay  Logical Name (Net Name)
    ----------------------------------------  ------------
     IBUF:I->O            24   1.106   1.216  address_0_IBUF (address_0_IBUF)
     LUT3:I0->O            1   0.612   0.000  Mmux__varindex0000_4 (Mmux__varindex0000_4)
     MUXF5:I1->O           1   0.278   0.000  Mmux__varindex0000_3_f5 (Mmux__varindex0000_3_f5)
     MUXF6:I1->O           1   0.451   0.000  Mmux__varindex0000_2_f6 (_varindex0000<0>)
     FDE:D                     0.268          mux_out_0
    ----------------------------------------
    Total                      3.931ns (2.715ns logic, 1.216ns route)
                                       (69.1% logic, 30.9% route)

=========================================================================
Timing constraint: Default OFFSET OUT AFTER for Clock 'clk'
  Total number of paths / destination ports: 7 / 7
-------------------------------------------------------------------------
Offset:              4.040ns (Levels of Logic = 1)
  Source:            seg_6 (FF)
  Destination:       seg<6> (PAD)
  Source Clock:      clk rising

  Data Path: seg_6 to seg<6>
                                Gate     Net
    Cell:in->out      fanout   Delay   Delay  Logical Name (Net Name)
    ----------------------------------------  ------------
     FDE:C->Q              1   0.514   0.357  seg_6 (seg_6)
     OBUF:I->O                 3.169          seg_6_OBUF (seg<6>)
    ----------------------------------------
    Total                      4.040ns (3.683ns logic, 0.357ns route)
                                       (91.2% logic, 8.8% route)

=========================================================================


Total REAL time to Xst completion: 3.00 secs
Total CPU time to Xst completion: 3.39 secs
 
--> 

Total memory usage is 4514944 kilobytes

Number of errors   :    0 (   0 filtered)
Number of warnings :    0 (   0 filtered)
Number of infos    :    0 (   0 filtered)

