Release 14.7 - xst P.20131013 (nt64)
Copyright (c) 1995-2013 Xilinx, Inc.  All rights reserved.
--> Parameter TMPDIR set to xst/projnav.tmp


Total REAL time to Xst completion: 1.00 secs
Total CPU time to Xst completion: 0.63 secs
 
--> Parameter xsthdpdir set to xst


Total REAL time to Xst completion: 1.00 secs
Total CPU time to Xst completion: 0.63 secs
 
--> Reading design: random_a.prj

TABLE OF CONTENTS
  1) Synthesis Options Summary
  2) HDL Compilation
  3) Design Hierarchy Analysis
  4) HDL Analysis
  5) HDL Synthesis
     5.1) HDL Synthesis Report
  6) Advanced HDL Synthesis
     6.1) Advanced HDL Synthesis Report
  7) Low Level Synthesis
  8) Partition Report
  9) Final Report
	9.1) Device utilization summary
	9.2) Partition Resource Summary
	9.3) TIMING REPORT


=========================================================================
*                      Synthesis Options Summary                        *
=========================================================================
---- Source Parameters
Input File Name                    : "random_a.prj"
Input Format                       : mixed
Ignore Synthesis Constraint File   : NO

---- Target Parameters
Output File Name                   : "random_a"
Output Format                      : NGC
Target Device                      : xc3s100e-5-vq100

---- Source Options
Top Module Name                    : random_a
Automatic FSM Extraction           : YES
FSM Encoding Algorithm             : Auto
Safe Implementation                : No
FSM Style                          : LUT
RAM Extraction                     : Yes
RAM Style                          : Auto
ROM Extraction                     : Yes
Mux Style                          : Auto
Decoder Extraction                 : YES
Priority Encoder Extraction        : Yes
Shift Register Extraction          : YES
Logical Shifter Extraction         : YES
XOR Collapsing                     : YES
ROM Style                          : Auto
Mux Extraction                     : Yes
Resource Sharing                   : YES
Asynchronous To Synchronous        : NO
Multiplier Style                   : Auto
Automatic Register Balancing       : No

---- Target Options
Add IO Buffers                     : YES
Global Maximum Fanout              : 100000
Add Generic Clock Buffer(BUFG)     : 24
Register Duplication               : YES
Slice Packing                      : YES
Optimize Instantiated Primitives   : NO
Use Clock Enable                   : Yes
Use Synchronous Set                : Yes
Use Synchronous Reset              : Yes
Pack IO Registers into IOBs        : Auto
Equivalent register Removal        : YES

---- General Options
Optimization Goal                  : Speed
Optimization Effort                : 1
Keep Hierarchy                     : No
Netlist Hierarchy                  : As_Optimized
RTL Output                         : Yes
Global Optimization                : AllClockNets
Read Cores                         : YES
Write Timing Constraints           : NO
Cross Clock Analysis               : NO
Hierarchy Separator                : /
Bus Delimiter                      : <>
Case Specifier                     : Maintain
Slice Utilization Ratio            : 100
BRAM Utilization Ratio             : 100
Verilog 2001                       : YES
Auto BRAM Packing                  : NO
Slice Utilization Ratio Delta      : 5

=========================================================================


=========================================================================
*                          HDL Compilation                              *
=========================================================================
Compiling vhdl file "C:/Users/PC/Documents/Obsidian Vault/University Courses/Year 3/Semester 1/EEE40002/Labs/Lab 3/VHDL/Lab3/Part_1.vhd" in Library work.
Entity <random_a> compiled.
Entity <random_a> (Architecture <behave>) compiled.

=========================================================================
*                     Design Hierarchy Analysis                         *
=========================================================================
Analyzing hierarchy for entity <random_a> in library <work> (architecture <behave>).


=========================================================================
*                            HDL Analysis                               *
=========================================================================
Analyzing Entity <random_a> in library <work> (Architecture <behave>).
Entity <random_a> analyzed. Unit <random_a> generated.


=========================================================================
*                           HDL Synthesis                               *
=========================================================================

Performing bidirectional port resolution...

Synthesizing Unit <random_a>.
    Related source file is "C:/Users/PC/Documents/Obsidian Vault/University Courses/Year 3/Semester 1/EEE40002/Labs/Lab 3/VHDL/Lab3/Part_1.vhd".
    Register <x4> equivalent to <x3> has been removed
    Found 1-bit register for signal <x0>.
    Found 1-bit register for signal <x1>.
    Found 1-bit xor2 for signal <x1$xor0000> created at line 28.
    Found 1-bit register for signal <x2>.
    Found 1-bit xor2 for signal <x2$xor0000> created at line 29.
    Found 1-bit register for signal <x3>.
    Found 1-bit xor2 for signal <x3$xor0000> created at line 30.
    Found 1-bit register for signal <x5>.
    Found 1-bit register for signal <x6>.
    Found 1-bit xor2 for signal <x6$xor0000> created at line 33.
    Found 1-bit register for signal <x7>.
    Found 1-bit xor2 for signal <x7$xor0000> created at line 34.
    Summary:
	inferred   7 D-type flip-flop(s).
Unit <random_a> synthesized.


=========================================================================
HDL Synthesis Report

Macro Statistics
# Registers                                            : 7
 1-bit register                                        : 7
# Xors                                                 : 5
 1-bit xor2                                            : 5

=========================================================================

=========================================================================
*                       Advanced HDL Synthesis                          *
=========================================================================


=========================================================================
Advanced HDL Synthesis Report

Macro Statistics
# Registers                                            : 7
 Flip-Flops                                            : 7
# Xors                                                 : 5
 1-bit xor2                                            : 5

=========================================================================

=========================================================================
*                         Low Level Synthesis                           *
=========================================================================

Optimizing unit <random_a> ...

Mapping all equations...
Building and optimizing final netlist ...
Found area constraint ratio of 100 (+ 5) on block random_a, actual ratio is 0.

Final Macro Processing ...

=========================================================================
Final Register Report

Macro Statistics
# Registers                                            : 7
 Flip-Flops                                            : 7

=========================================================================

=========================================================================
*                           Partition Report                            *
=========================================================================

Partition Implementation Status
-------------------------------

  No Partitions were found in this design.

-------------------------------

=========================================================================
*                            Final Report                               *
=========================================================================
Final Results
RTL Top Level Output File Name     : random_a.ngr
Top Level Output File Name         : random_a
Output Format                      : NGC
Optimization Goal                  : Speed
Keep Hierarchy                     : No

Design Statistics
# IOs                              : 11

Cell Usage :
# BELS                             : 5
#      LUT2                        : 5
# FlipFlops/Latches                : 7
#      FDCE                        : 5
#      FDPE                        : 2
# Clock Buffers                    : 1
#      BUFGP                       : 1
# IO Buffers                       : 10
#      IBUF                        : 2
#      OBUF                        : 8
=========================================================================

Device utilization summary:
---------------------------

Selected Device : 3s100evq100-5 

 Number of Slices:                        4  out of    960     0%  
 Number of Slice Flip Flops:              7  out of   1920     0%  
 Number of 4 input LUTs:                  5  out of   1920     0%  
 Number of IOs:                          11
 Number of bonded IOBs:                  11  out of     66    16%  
 Number of GCLKs:                         1  out of     24     4%  

---------------------------
Partition Resource Summary:
---------------------------

  No Partitions were found in this design.

---------------------------


=========================================================================
TIMING REPORT

NOTE: THESE TIMING NUMBERS ARE ONLY A SYNTHESIS ESTIMATE.
      FOR ACCURATE TIMING INFORMATION PLEASE REFER TO THE TRACE REPORT
      GENERATED AFTER PLACE-and-ROUTE.

Clock Information:
------------------
-----------------------------------+------------------------+-------+
Clock Signal                       | Clock buffer(FF name)  | Load  |
-----------------------------------+------------------------+-------+
clock                              | BUFGP                  | 7     |
-----------------------------------+------------------------+-------+

Asynchronous Control Signals Information:
----------------------------------------
-----------------------------------+------------------------+-------+
Control Signal                     | Buffer(FF name)        | Load  |
-----------------------------------+------------------------+-------+
reset                              | IBUF                   | 7     |
-----------------------------------+------------------------+-------+

Timing Summary:
---------------
Speed Grade: -5

   Minimum period: 2.065ns (Maximum Frequency: 484.308MHz)
   Minimum input arrival time before clock: 2.191ns
   Maximum output required time after clock: 4.285ns
   Maximum combinational path delay: No path found

Timing Detail:
--------------
All values displayed in nanoseconds (ns)

=========================================================================
Timing constraint: Default period analysis for Clock 'clock'
  Clock period: 2.065ns (frequency: 484.308MHz)
  Total number of paths / destination ports: 12 / 7
-------------------------------------------------------------------------
Delay:               2.065ns (Levels of Logic = 1)
  Source:            x7 (FF)
  Destination:       x1 (FF)
  Source Clock:      clock rising
  Destination Clock: clock rising

  Data Path: x7 to x1
                                Gate     Net
    Cell:in->out      fanout   Delay   Delay  Logical Name (Net Name)
    ----------------------------------------  ------------
     FDCE:C->Q             7   0.514   0.671  x7 (x7)
     LUT2:I1->O            1   0.612   0.000  Mxor_x7_xor0000_Result1 (x7_xor0000)
     FDCE:D                    0.268          x7
    ----------------------------------------
    Total                      2.065ns (1.394ns logic, 0.671ns route)
                                       (67.5% logic, 32.5% route)

=========================================================================
Timing constraint: Default OFFSET IN BEFORE for Clock 'clock'
  Total number of paths / destination ports: 7 / 7
-------------------------------------------------------------------------
Offset:              2.191ns (Levels of Logic = 1)
  Source:            start (PAD)
  Destination:       x1 (FF)
  Destination Clock: clock rising

  Data Path: start to x1
                                Gate     Net
    Cell:in->out      fanout   Delay   Delay  Logical Name (Net Name)
    ----------------------------------------  ------------
     IBUF:I->O             7   1.106   0.602  start_IBUF (start_IBUF)
     FDCE:CE                   0.483          x1
    ----------------------------------------
    Total                      2.191ns (1.589ns logic, 0.602ns route)
                                       (72.5% logic, 27.5% route)

=========================================================================
Timing constraint: Default OFFSET OUT AFTER for Clock 'clock'
  Total number of paths / destination ports: 8 / 8
-------------------------------------------------------------------------
Offset:              4.285ns (Levels of Logic = 1)
  Source:            x7 (FF)
  Destination:       Q<7> (PAD)
  Source Clock:      clock rising

  Data Path: x7 to Q<7>
                                Gate     Net
    Cell:in->out      fanout   Delay   Delay  Logical Name (Net Name)
    ----------------------------------------  ------------
     FDCE:C->Q             7   0.514   0.602  x7 (x7)
     OBUF:I->O                 3.169          Q_7_OBUF (Q<7>)
    ----------------------------------------
    Total                      4.285ns (3.683ns logic, 0.602ns route)
                                       (86.0% logic, 14.0% route)

=========================================================================


Total REAL time to Xst completion: 4.00 secs
Total CPU time to Xst completion: 4.00 secs
 
--> 

Total memory usage is 4498740 kilobytes

Number of errors   :    0 (   0 filtered)
Number of warnings :    0 (   0 filtered)
Number of infos    :    0 (   0 filtered)

