Command line:
   memory_tb_isim_beh.exe
     -simmode  gui
     -simrunnum  0
     -socket  65374

Mon May 15 12:22:56 2023


 Elaboration Time: 0.0625 sec

 Current Memory Usage: 5141.61 Meg

 Total Signals          : 14
 Total Nets             : 53
 Total Signal Drivers   : 8
 Total Blocks           : 4
 Total Primitive Blocks : 3
 Total Processes        : 3
 Total Traceable Variables  : 13
 Total Scalar Nets and Variables : 536
Total Line Count : 49

 Total Simulation Time: 0.28125 sec

 Current Memory Usage: 4669.75 Meg

Mon May 15 12:37:20 2023

